# JRE version: Java(TM) SE Runtime Environment (8.0_112-b15) (build 1.8.0_112-b15)
# Java VM: Java HotSpot(TM) 64-Bit Server VM (25.112-b15 mixed mode windows-amd64 compressed oops)
Heap:
 PSYoungGen      total 49152K, used 15759K [0x00000007bc400000, 0x00000007c0000000, 0x00000007c0000000)
  eden space 36864K, 40% used [0x00000007bc400000,0x00000007bd2a3ce8,0x00000007be800000)
  from space 12288K, 6% used [0x00000007be800000,0x00000007be8c0000,0x00000007bf400000)
  to   space 12288K, 0% used [0x00000007bf400000,0x00000007bf400000,0x00000007c0000000)
 ParOldGen       total 317952K, used 189717K [0x0000000700000000, 0x0000000713680000, 0x00000007bc400000)
  object space 317952K, 59% used [0x0000000700000000,0x000000070b9457a0,0x0000000713680000)
 Metaspace       used 97214K, capacity 98265K, committed 98816K, reserved 1134592K
  class space    used 14364K, capacity 14542K, committed 14592K, reserved 1048576K
GC Heap History (10 events):
Event: 10397.143 GC heap before
{Heap before GC invocations=1314 (full 216):
 PSYoungGen      total 50688K, used 10870K [0x00000007bc400000, 0x00000007c0000000, 0x00000007c0000000)
  eden space 39936K, 9% used [0x00000007bc400000,0x00000007bc783358,0x00000007beb00000)
  from space 10752K, 67% used [0x00000007beb00000,0x00000007bf21a890,0x00000007bf580000)
  to   space 10752K, 0% used [0x00000007bf580000,0x00000007bf580000,0x00000007c0000000)
 ParOldGen       total 317952K, used 254263K [0x0000000700000000, 0x0000000713680000, 0x00000007bc400000)
  object space 317952K, 79% used [0x0000000700000000,0x000000070f84dda0,0x0000000713680000)
 Metaspace       used 97214K, capacity 98265K, committed 98816K, reserved 1134592K
  class space    used 14364K, capacity 14542K, committed 14592K, reserved 1048576K
Event: 10397.148 GC heap after
Heap after GC invocations=1314 (full 216):
 PSYoungGen      total 49664K, used 9311K [0x00000007bc400000, 0x00000007c0000000, 0x00000007c0000000)
  eden space 38912K, 0% used [0x00000007bc400000,0x00000007bc400000,0x00000007bea00000)
  from space 10752K, 86% used [0x00000007bf580000,0x00000007bfe97dc0,0x00000007c0000000)
  to   space 11264K, 0% used [0x00000007bea00000,0x00000007bea00000,0x00000007bf500000)
 ParOldGen       total 317952K, used 254271K [0x0000000700000000, 0x0000000713680000, 0x00000007bc400000)
  object space 317952K, 79% used [0x0000000700000000,0x000000070f84fda0,0x0000000713680000)
 Metaspace       used 97214K, capacity 98265K, committed 98816K, reserved 1134592K
  class space    used 14364K, capacity 14542K, committed 14592K, reserved 1048576K
}
Event: 10397.148 GC heap before
{Heap before GC invocations=1315 (full 217):
 PSYoungGen      total 49664K, used 9311K [0x00000007bc400000, 0x00000007c0000000, 0x00000007c0000000)
  eden space 38912K, 0% used [0x00000007bc400000,0x00000007bc400000,0x00000007bea00000)
  from space 10752K, 86% used [0x00000007bf580000,0x00000007bfe97dc0,0x00000007c0000000)
  to   space 11264K, 0% used [0x00000007bea00000,0x00000007bea00000,0x00000007bf500000)
 ParOldGen       total 317952K, used 254271K [0x0000000700000000, 0x0000000713680000, 0x00000007bc400000)
  object space 317952K, 79% used [0x0000000700000000,0x000000070f84fda0,0x0000000713680000)
 Metaspace       used 97214K, capacity 98265K, committed 98816K, reserved 1134592K
  class space    used 14364K, capacity 14542K, committed 14592K, reserved 1048576K
Event: 10397.439 GC heap after
Heap after GC invocations=1315 (full 217):
 PSYoungGen      total 49664K, used 0K [0x00000007bc400000, 0x00000007c0000000, 0x00000007c0000000)
  eden space 38912K, 0% used [0x00000007bc400000,0x00000007bc400000,0x00000007bea00000)
  from space 10752K, 0% used [0x00000007bf580000,0x00000007bf580000,0x00000007c0000000)
  to   space 11264K, 0% used [0x00000007bea00000,0x00000007bea00000,0x00000007bf500000)
 ParOldGen       total 317952K, used 189717K [0x0000000700000000, 0x0000000713680000, 0x00000007bc400000)
  object space 317952K, 59% used [0x0000000700000000,0x000000070b9457a0,0x0000000713680000)
 Metaspace       used 97214K, capacity 98265K, committed 98816K, reserved 1134592K
  class space    used 14364K, capacity 14542K, committed 14592K, reserved 1048576K
}
Event: 10397.593 GC heap before
{Heap before GC invocations=1316 (full 217):
 PSYoungGen      total 49664K, used 38912K [0x00000007bc400000, 0x00000007c0000000, 0x00000007c0000000)
  eden space 38912K, 100% used [0x00000007bc400000,0x00000007bea00000,0x00000007bea00000)
  from space 10752K, 0% used [0x00000007bf580000,0x00000007bf580000,0x00000007c0000000)
  to   space 11264K, 0% used [0x00000007bea00000,0x00000007bea00000,0x00000007bf500000)
 ParOldGen       total 317952K, used 189717K [0x0000000700000000, 0x0000000713680000, 0x00000007bc400000)
  object space 317952K, 59% used [0x0000000700000000,0x000000070b9457a0,0x0000000713680000)
 Metaspace       used 97214K, capacity 98265K, committed 98816K, reserved 1134592K
  class space    used 14364K, capacity 14542K, committed 14592K, reserved 1048576K
Event: 10397.597 GC heap after
Heap after GC invocations=1316 (full 217):
 PSYoungGen      total 39424K, used 448K [0x00000007bc400000, 0x00000007c0000000, 0x00000007c0000000)
  eden space 38912K, 0% used [0x00000007bc400000,0x00000007bc400000,0x00000007bea00000)
  from space 512K, 87% used [0x00000007bea00000,0x00000007bea70000,0x00000007bea80000)
  to   space 11776K, 0% used [0x00000007bf480000,0x00000007bf480000,0x00000007c0000000)
 ParOldGen       total 317952K, used 189717K [0x0000000700000000, 0x0000000713680000, 0x00000007bc400000)
  object space 317952K, 59% used [0x0000000700000000,0x000000070b9457a0,0x0000000713680000)
 Metaspace       used 97214K, capacity 98265K, committed 98816K, reserved 1134592K
  class space    used 14364K, capacity 14542K, committed 14592K, reserved 1048576K
}
Event: 10398.022 GC heap before
{Heap before GC invocations=1317 (full 217):
 PSYoungGen      total 39424K, used 39360K [0x00000007bc400000, 0x00000007c0000000, 0x00000007c0000000)
  eden space 38912K, 100% used [0x00000007bc400000,0x00000007bea00000,0x00000007bea00000)
  from space 512K, 87% used [0x00000007bea00000,0x00000007bea70000,0x00000007bea80000)
  to   space 11776K, 0% used [0x00000007bf480000,0x00000007bf480000,0x00000007c0000000)
 ParOldGen       total 317952K, used 189717K [0x0000000700000000, 0x0000000713680000, 0x00000007bc400000)
  object space 317952K, 59% used [0x0000000700000000,0x000000070b9457a0,0x0000000713680000)
 Metaspace       used 97214K, capacity 98265K, committed 98816K, reserved 1134592K
  class space    used 14364K, capacity 14542K, committed 14592K, reserved 1048576K
Event: 10398.025 GC heap after
Heap after GC invocations=1317 (full 217):
 PSYoungGen      total 48640K, used 704K [0x00000007bc400000, 0x00000007c0000000, 0x00000007c0000000)
  eden space 36864K, 0% used [0x00000007bc400000,0x00000007bc400000,0x00000007be800000)
  from space 11776K, 5% used [0x00000007bf480000,0x00000007bf530000,0x00000007c0000000)
  to   space 12288K, 0% used [0x00000007be800000,0x00000007be800000,0x00000007bf400000)
 ParOldGen       total 317952K, used 189717K [0x0000000700000000, 0x0000000713680000, 0x00000007bc400000)
  object space 317952K, 59% used [0x0000000700000000,0x000000070b9457a0,0x0000000713680000)
 Metaspace       used 97214K, capacity 98265K, committed 98816K, reserved 1134592K
  class space    used 14364K, capacity 14542K, committed 14592K, reserved 1048576K
}
Event: 10402.099 GC heap before
{Heap before GC invocations=1318 (full 217):
 PSYoungGen      total 48640K, used 37568K [0x00000007bc400000, 0x00000007c0000000, 0x00000007c0000000)
  eden space 36864K, 100% used [0x00000007bc400000,0x00000007be800000,0x00000007be800000)
  from space 11776K, 5% used [0x00000007bf480000,0x00000007bf530000,0x00000007c0000000)
  to   space 12288K, 0% used [0x00000007be800000,0x00000007be800000,0x00000007bf400000)
 ParOldGen       total 317952K, used 189717K [0x0000000700000000, 0x0000000713680000, 0x00000007bc400000)
  object space 317952K, 59% used [0x0000000700000000,0x000000070b9457a0,0x0000000713680000)
 Metaspace       used 97214K, capacity 98265K, committed 98816K, reserved 1134592K
  class space    used 14364K, capacity 14542K, committed 14592K, reserved 1048576K
Event: 10402.102 GC heap after
Heap after GC invocations=1318 (full 217):
 PSYoungGen      total 49152K, used 768K [0x00000007bc400000, 0x00000007c0000000, 0x00000007c0000000)
  eden space 36864K, 0% used [0x00000007bc400000,0x00000007bc400000,0x00000007be800000)
  from space 12288K, 6% used [0x00000007be800000,0x00000007be8c0000,0x00000007bf400000)
  to   space 12288K, 0% used [0x00000007bf400000,0x00000007bf400000,0x00000007c0000000)
 ParOldGen       total 317952K, used 189717K [0x0000000700000000, 0x0000000713680000, 0x00000007bc400000)
  object space 317952K, 59% used [0x0000000700000000,0x000000070b9457a0,0x0000000713680000)
 Metaspace       used 97214K, capacity 98265K, committed 98816K, reserved 1134592K
  class space    used 14364K, capacity 14542K, committed 14592K, reserved 1048576K
}

