# JRE version: Java(TM) SE Runtime Environment (8.0_112-b15) (build 1.8.0_112-b15)
# Java VM: Java HotSpot(TM) 64-Bit Server VM (25.112-b15 mixed mode windows-amd64 compressed oops)
Heap:
 PSYoungGen      total 47104K, used 37051K [0x00000007bc400000, 0x00000007c0000000, 0x00000007c0000000)
  eden space 36864K, 73% used [0x00000007bc400000,0x00000007bde54e00,0x00000007be800000)
  from space 10240K, 98% used [0x00000007bf600000,0x00000007bffda010,0x00000007c0000000)
  to   space 12288K, 0% used [0x00000007be800000,0x00000007be800000,0x00000007bf400000)
 ParOldGen       total 155136K, used 82927K [0x0000000700000000, 0x0000000709780000, 0x00000007bc400000)
  object space 155136K, 53% used [0x0000000700000000,0x00000007050fbef8,0x0000000709780000)
 Metaspace       used 63657K, capacity 64199K, committed 64768K, reserved 1105920K
  class space    used 8738K, capacity 8853K, committed 8960K, reserved 1048576K
GC Heap History (10 events):
Event: 70.084 GC heap before
{Heap before GC invocations=53 (full 5):
 PSYoungGen      total 50688K, used 6176K [0x00000007bc400000, 0x00000007c0000000, 0x00000007c0000000)
  eden space 39936K, 0% used [0x00000007bc400000,0x00000007bc400000,0x00000007beb00000)
  from space 10752K, 57% used [0x00000007bf580000,0x00000007bfb88000,0x00000007c0000000)
  to   space 10752K, 0% used [0x00000007beb00000,0x00000007beb00000,0x00000007bf580000)
 ParOldGen       total 155136K, used 62297K [0x0000000700000000, 0x0000000709780000, 0x00000007bc400000)
  object space 155136K, 40% used [0x0000000700000000,0x0000000703cd6558,0x0000000709780000)
 Metaspace       used 62928K, capacity 63471K, committed 63872K, reserved 1103872K
  class space    used 8662K, capacity 8785K, committed 8832K, reserved 1048576K
Event: 70.266 GC heap after
Heap after GC invocations=53 (full 5):
 PSYoungGen      total 50688K, used 0K [0x00000007bc400000, 0x00000007c0000000, 0x00000007c0000000)
  eden space 39936K, 0% used [0x00000007bc400000,0x00000007bc400000,0x00000007beb00000)
  from space 10752K, 0% used [0x00000007bf580000,0x00000007bf580000,0x00000007c0000000)
  to   space 10752K, 0% used [0x00000007beb00000,0x00000007beb00000,0x00000007bf580000)
 ParOldGen       total 155136K, used 65479K [0x0000000700000000, 0x0000000709780000, 0x00000007bc400000)
  object space 155136K, 42% used [0x0000000700000000,0x0000000703ff1ed8,0x0000000709780000)
 Metaspace       used 62928K, capacity 63471K, committed 63872K, reserved 1103872K
  class space    used 8662K, capacity 8785K, committed 8832K, reserved 1048576K
}
Event: 73.220 GC heap before
{Heap before GC invocations=54 (full 5):
 PSYoungGen      total 50688K, used 39936K [0x00000007bc400000, 0x00000007c0000000, 0x00000007c0000000)
  eden space 39936K, 100% used [0x00000007bc400000,0x00000007beb00000,0x00000007beb00000)
  from space 10752K, 0% used [0x00000007bf580000,0x00000007bf580000,0x00000007c0000000)
  to   space 10752K, 0% used [0x00000007beb00000,0x00000007beb00000,0x00000007bf580000)
 ParOldGen       total 155136K, used 65479K [0x0000000700000000, 0x0000000709780000, 0x00000007bc400000)
  object space 155136K, 42% used [0x0000000700000000,0x0000000703ff1ed8,0x0000000709780000)
 Metaspace       used 63315K, capacity 63841K, committed 64384K, reserved 1105920K
  class space    used 8712K, capacity 8820K, committed 8832K, reserved 1048576K
Event: 73.223 GC heap after
Heap after GC invocations=54 (full 5):
 PSYoungGen      total 50688K, used 1652K [0x00000007bc400000, 0x00000007c0000000, 0x00000007c0000000)
  eden space 39936K, 0% used [0x00000007bc400000,0x00000007bc400000,0x00000007beb00000)
  from space 10752K, 15% used [0x00000007beb00000,0x00000007bec9d0a8,0x00000007bf580000)
  to   space 10752K, 0% used [0x00000007bf580000,0x00000007bf580000,0x00000007c0000000)
 ParOldGen       total 155136K, used 65487K [0x0000000700000000, 0x0000000709780000, 0x00000007bc400000)
  object space 155136K, 42% used [0x0000000700000000,0x0000000703ff3ed8,0x0000000709780000)
 Metaspace       used 63315K, capacity 63841K, committed 64384K, reserved 1105920K
  class space    used 8712K, capacity 8820K, committed 8832K, reserved 1048576K
}
Event: 87.513 GC heap before
{Heap before GC invocations=55 (full 5):
 PSYoungGen      total 50688K, used 41588K [0x00000007bc400000, 0x00000007c0000000, 0x00000007c0000000)
  eden space 39936K, 100% used [0x00000007bc400000,0x00000007beb00000,0x00000007beb00000)
  from space 10752K, 15% used [0x00000007beb00000,0x00000007bec9d0a8,0x00000007bf580000)
  to   space 10752K, 0% used [0x00000007bf580000,0x00000007bf580000,0x00000007c0000000)
 ParOldGen       total 155136K, used 65487K [0x0000000700000000, 0x0000000709780000, 0x00000007bc400000)
  object space 155136K, 42% used [0x0000000700000000,0x0000000703ff3ed8,0x0000000709780000)
 Metaspace       used 63565K, capacity 64135K, committed 64768K, reserved 1105920K
  class space    used 8737K, capacity 8853K, committed 8960K, reserved 1048576K
Event: 87.516 GC heap after
Heap after GC invocations=55 (full 5):
 PSYoungGen      total 50688K, used 1472K [0x00000007bc400000, 0x00000007c0000000, 0x00000007c0000000)
  eden space 39936K, 0% used [0x00000007bc400000,0x00000007bc400000,0x00000007beb00000)
  from space 10752K, 13% used [0x00000007bf580000,0x00000007bf6f0000,0x00000007c0000000)
  to   space 10752K, 0% used [0x00000007beb00000,0x00000007beb00000,0x00000007bf580000)
 ParOldGen       total 155136K, used 65495K [0x0000000700000000, 0x0000000709780000, 0x00000007bc400000)
  object space 155136K, 42% used [0x0000000700000000,0x0000000703ff5ed8,0x0000000709780000)
 Metaspace       used 63565K, capacity 64135K, committed 64768K, reserved 1105920K
  class space    used 8737K, capacity 8853K, committed 8960K, reserved 1048576K
}
Event: 89.988 GC heap before
{Heap before GC invocations=56 (full 5):
 PSYoungGen      total 50688K, used 41408K [0x00000007bc400000, 0x00000007c0000000, 0x00000007c0000000)
  eden space 39936K, 100% used [0x00000007bc400000,0x00000007beb00000,0x00000007beb00000)
  from space 10752K, 13% used [0x00000007bf580000,0x00000007bf6f0000,0x00000007c0000000)
  to   space 10752K, 0% used [0x00000007beb00000,0x00000007beb00000,0x00000007bf580000)
 ParOldGen       total 155136K, used 65495K [0x0000000700000000, 0x0000000709780000, 0x00000007bc400000)
  object space 155136K, 42% used [0x0000000700000000,0x0000000703ff5ed8,0x0000000709780000)
 Metaspace       used 63581K, capacity 64135K, committed 64768K, reserved 1105920K
  class space    used 8737K, capacity 8853K, committed 8960K, reserved 1048576K
Event: 89.991 GC heap after
Heap after GC invocations=56 (full 5):
 PSYoungGen      total 50688K, used 1376K [0x00000007bc400000, 0x00000007c0000000, 0x00000007c0000000)
  eden space 39936K, 0% used [0x00000007bc400000,0x00000007bc400000,0x00000007beb00000)
  from space 10752K, 12% used [0x00000007beb00000,0x00000007bec58000,0x00000007bf580000)
  to   space 10240K, 0% used [0x00000007bf600000,0x00000007bf600000,0x00000007c0000000)
 ParOldGen       total 155136K, used 65495K [0x0000000700000000, 0x0000000709780000, 0x00000007bc400000)
  object space 155136K, 42% used [0x0000000700000000,0x0000000703ff5ed8,0x0000000709780000)
 Metaspace       used 63581K, capacity 64135K, committed 64768K, reserved 1105920K
  class space    used 8737K, capacity 8853K, committed 8960K, reserved 1048576K
}
Event: 93.891 GC heap before
{Heap before GC invocations=57 (full 5):
 PSYoungGen      total 50688K, used 41312K [0x00000007bc400000, 0x00000007c0000000, 0x00000007c0000000)
  eden space 39936K, 100% used [0x00000007bc400000,0x00000007beb00000,0x00000007beb00000)
  from space 10752K, 12% used [0x00000007beb00000,0x00000007bec58000,0x00000007bf580000)
  to   space 10240K, 0% used [0x00000007bf600000,0x00000007bf600000,0x00000007c0000000)
 ParOldGen       total 155136K, used 65495K [0x0000000700000000, 0x0000000709780000, 0x00000007bc400000)
  object space 155136K, 42% used [0x0000000700000000,0x0000000703ff5ed8,0x0000000709780000)
 Metaspace       used 63625K, capacity 64135K, committed 64768K, reserved 1105920K
  class space    used 8738K, capacity 8853K, committed 8960K, reserved 1048576K
Event: 93.898 GC heap after
Heap after GC invocations=57 (full 5):
 PSYoungGen      total 47104K, used 10088K [0x00000007bc400000, 0x00000007c0000000, 0x00000007c0000000)
  eden space 36864K, 0% used [0x00000007bc400000,0x00000007bc400000,0x00000007be800000)
  from space 10240K, 98% used [0x00000007bf600000,0x00000007bffda010,0x00000007c0000000)
  to   space 12288K, 0% used [0x00000007be800000,0x00000007be800000,0x00000007bf400000)
 ParOldGen       total 155136K, used 82927K [0x0000000700000000, 0x0000000709780000, 0x00000007bc400000)
  object space 155136K, 53% used [0x0000000700000000,0x00000007050fbef8,0x0000000709780000)
 Metaspace       used 63625K, capacity 64135K, committed 64768K, reserved 1105920K
  class space    used 8738K, capacity 8853K, committed 8960K, reserved 1048576K
}

